<?xml version="1.0" encoding="UTF-8"?>
<!-- Generated by org.testng.reporters.JUnitReportReporter -->
<testsuite hostname="DESKTOP-SJ1BRTJ" failures="0" tests="1" name="api.test.GetMethod" time="0.013" errors="0" timestamp="2024-02-20T22:46:20 IST" skipped="0">
  <testcase classname="api.test.GetMethod" name="testGetUserByName" time="0.013"/>
  <system-out/>
</testsuite> <!-- api.test.GetMethod -->
