<?xml version="1.0" encoding="UTF-8"?>
<!-- Generated by org.testng.reporters.JUnitReportReporter -->
<testsuite hostname="DESKTOP-SJ1BRTJ" failures="0" tests="4" name="api.test.StoreTests2" time="8.291" errors="0" timestamp="2024-03-02T16:00:57 IST" skipped="1">
  <testcase classname="api.test.StoreTests2" name="testPostUser" time="4.179"/>
  <system-out/>
  <testcase classname="api.test.StoreTests2" name="testGetUserByName" time="2.070"/>
  <system-out/>
  <testcase classname="api.test.StoreTests2" name="testDeleteUserById" time="2.042"/>
  <system-out/>
  <testcase classname="api.test.StoreTests2" name="testUpdateUserByquantity">
    <skipped/>
  </testcase> <!-- testUpdateUserByquantity -->
  <system-out/>
</testsuite> <!-- api.test.StoreTests2 -->
