<?xml version="1.0" encoding="UTF-8"?>
<!-- Generated by org.testng.reporters.JUnitReportReporter -->
<testsuite hostname="DESKTOP-SJ1BRTJ" failures="0" tests="4" name="api.test.UserTests" time="7.340" errors="0" timestamp="2024-02-24T17:44:22 IST" skipped="0">
  <testcase classname="api.test.UserTests" name="testPostUser" time="3.653"/>
  <system-out/>
  <testcase classname="api.test.UserTests" name="testGetUserByName" time="1.296"/>
  <system-out/>
  <testcase classname="api.test.UserTests" name="testUpdateUserByquantity" time="1.186"/>
  <system-out/>
  <testcase classname="api.test.UserTests" name="testDeleteUserById" time="1.205"/>
  <system-out/>
</testsuite> <!-- api.test.UserTests -->
