<?xml version="1.0" encoding="UTF-8"?>
<!-- Generated by org.testng.reporters.JUnitReportReporter -->
<testsuite hostname="DESKTOP-SJ1BRTJ" failures="0" tests="4" name="api.test.StoreTests" time="10.418" errors="0" timestamp="2024-03-02T16:26:32 IST" skipped="0">
  <testcase classname="api.test.StoreTests" name="testPostUser" time="4.018"/>
  <system-out/>
  <testcase classname="api.test.StoreTests" name="testGetUserByName" time="2.117"/>
  <system-out/>
  <testcase classname="api.test.StoreTests" name="testUpdateUserByquantity" time="2.195"/>
  <system-out/>
  <testcase classname="api.test.StoreTests" name="testDeleteUserById" time="2.088"/>
  <system-out/>
</testsuite> <!-- api.test.StoreTests -->
