<?xml version="1.0" encoding="UTF-8"?>
<!-- Generated by org.testng.reporters.JUnitReportReporter -->
<testsuite hostname="DESKTOP-SJ1BRTJ" failures="0" tests="4" name="api.test.DDTests" time="6.713" errors="0" timestamp="2024-02-24T22:46:51 IST" skipped="1">
  <testcase classname="api.test.DDTests" name="testPostUser" time="3.834"/>
  <system-out/>
  <testcase classname="api.test.DDTests" name="testPostUser" time="1.429"/>
  <system-out/>
  <testcase classname="api.test.DDTests" name="testPostUser" time="1.450"/>
  <system-out/>
  <testcase classname="api.test.DDTests" name="testDeleteUserbyId">
    <skipped/>
  </testcase> <!-- testDeleteUserbyId -->
  <system-out/>
</testsuite> <!-- api.test.DDTests -->
